
[1m[46m RUN [49m[22m [36mv4.0.18 [39m[90m/home/bonnmasa/app/rubpad[39m

 [31mâ¯[39m tests/unit/analysis/scanner.test.ts [2m([22m[2m12 tests[22m[2m | [22m[31m3 failed[39m[2m)[22m[32m 17[2mms[22m[39m
       [32mâœ“[39m ãƒ‰ãƒƒãƒˆè¨˜æ³•ã®ãƒ¡ã‚½ãƒƒãƒ‰ã‚’æ­£ã—ãæŠ½å‡ºã§ãã‚‹ã“ã¨[32m 3[2mms[22m[39m
       [32mâœ“[39m æ‹¬å¼§ä»˜ãã®ãƒ¡ã‚½ãƒƒãƒ‰å‘¼ã³å‡ºã—ã‚’æŠ½å‡ºã§ãã‚‹ã“ã¨[32m 0[2mms[22m[39m
       [32mâœ“[39m doãƒ–ãƒ­ãƒƒã‚¯ä»˜ãã®ãƒ¡ã‚½ãƒƒãƒ‰ã‚’æŠ½å‡ºã§ãã‚‹ã“ã¨[32m 0[2mms[22m[39m
       [32mâœ“[39m ã‚³ãƒ¡ãƒ³ãƒˆã‚¢ã‚¦ãƒˆã•ã‚ŒãŸè¡Œã®ãƒ¡ã‚½ãƒƒãƒ‰ã‚’ç„¡è¦–ã—ã€ã‚¤ãƒ³ãƒ‡ãƒƒã‚¯ã‚¹ã‚’ç¶­æŒã™ã‚‹ã“ã¨[32m 1[2mms[22m[39m
[31m       [31mÃ—[31m ãƒ–ãƒ©ãƒƒã‚¯ãƒªã‚¹ãƒˆã«å«ã¾ã‚Œã‚‹ã‚­ãƒ¼ãƒ¯ãƒ¼ãƒ‰ã‚’é™¤å¤–ã™ã‚‹ã“ã¨[39m[32m 6[2mms[22m[39m
       [32mâœ“[39m 1è¡Œã«è¤‡æ•°ã®ãƒ¡ã‚½ãƒƒãƒ‰ãŒã‚ã‚‹å ´åˆã‚’å‡¦ç†ã§ãã‚‹ã“ã¨[32m 0[2mms[22m[39m
       [32mâœ“[39m Symbol#to_proc (&:method) æ§‹æ–‡ã®ãƒ¡ã‚½ãƒƒãƒ‰ã‚’æŠ½å‡ºã§ãã‚‹ã“ã¨[32m 0[2mms[22m[39m
[31m       [31mÃ—[31m ãƒ›ãƒ¯ã‚¤ãƒˆãƒªã‚¹ãƒˆã«å«ã¾ã‚Œã‚‹æš—é»™çš„ãªãƒ¡ã‚½ãƒƒãƒ‰ (puts, p) ã‚’æŠ½å‡ºã§ãã‚‹ã“ã¨[39m[32m 1[2mms[22m[39m
[31m       [31mÃ—[31m å¼å±•é–‹ (#{...}) å†…ã®ãƒ¡ã‚½ãƒƒãƒ‰ã‚’æŠ½å‡ºã§ãã‚‹ã“ã¨[39m[32m 1[2mms[22m[39m
         [32mâœ“[39m æ§˜ã€…ãªé–‹å§‹ä½ç½®ã§æ­£ç¢ºã«ã‚«ãƒ©ãƒ ã‚’ç‰¹å®šã§ãã‚‹ã“ã¨[32m 1[2mms[22m[39m
         [32mâœ“[39m å¼å±•é–‹ãŒè¤‡æ•°ã‚ã‚‹å ´åˆã‚‚æ­£ã—ãä½ç½®ã‚’ç‰¹å®šã§ãã‚‹ã“ã¨[32m 0[2mms[22m[39m
         [32mâœ“[39m å˜èªã®é€”ä¸­ (Sum(ç­‰) ã‹ã‚‰æ„å›³ã—ãªã„ãƒãƒƒãƒ (um) ãŒç™ºç”Ÿã—ãªã„ã“ã¨[32m 1[2mms[22m[39m

[31mâ¯â¯â¯â¯â¯â¯â¯[39m[1m[41m Failed Tests 3 [49m[22m[31mâ¯â¯â¯â¯â¯â¯â¯[39m

[41m[1m FAIL [22m[49m tests/unit/analysis/scanner.test.ts[2m > [22mScanner[2m > [22mscanLines[2m > [22mãƒ–ãƒ©ãƒƒã‚¯ãƒªã‚¹ãƒˆã«å«ã¾ã‚Œã‚‹ã‚­ãƒ¼ãƒ¯ãƒ¼ãƒ‰ã‚’é™¤å¤–ã™ã‚‹ã“ã¨
[31m[1mAssertionError[22m: expected [ Array(1) ] to have a length of +0 but got 1[39m

[32m- Expected[39m
[31m+ Received[39m

[32m- 0[39m
[31m+ 1[39m

[36m [2mâ¯[22m tests/unit/analysis/scanner.test.ts:[2m72:30[22m[39m
    [90m 70| [39m      [34mexpect[39m(results[33m.[39m[35mget[39m([34m0[39m))[33m.[39m[34mtoHaveLength[39m([34m0[39m) [90m// if[39m
    [90m 71| [39m      [34mexpect[39m(results[33m.[39m[35mget[39m([34m1[39m))[33m.[39m[34mtoHaveLength[39m([34m0[39m) [90m// def[39m
    [90m 72| [39m      [34mexpect[39m(results[33m.[39m[35mget[39m([34m2[39m))[33m.[39m[34mtoHaveLength[39m([34m0[39m) [90m// class[39m
    [90m   | [39m                             [31m^[39m
    [90m 73| [39m      [34mexpect[39m(results[33m.[39m[35mget[39m([34m3[39m))[33m.[39m[34mtoHaveLength[39m([34m0[39m) [90m// end[39m
    [90m 74| [39m    })

[31m[2mâ¯â¯â¯â¯â¯â¯â¯â¯â¯â¯â¯â¯â¯â¯â¯â¯â¯â¯â¯â¯â¯â¯â¯â¯[1/3]â¯[22m[39m

[41m[1m FAIL [22m[49m tests/unit/analysis/scanner.test.ts[2m > [22mScanner[2m > [22mscanLines[2m > [22mãƒ›ãƒ¯ã‚¤ãƒˆãƒªã‚¹ãƒˆã«å«ã¾ã‚Œã‚‹æš—é»™çš„ãªãƒ¡ã‚½ãƒƒãƒ‰ (puts, p) ã‚’æŠ½å‡ºã§ãã‚‹ã“ã¨
[31m[1mAssertionError[22m: expected [ â€¦(2) ] to have a length of 1 but got 2[39m

[32m- Expected[39m
[31m+ Received[39m

[32m- 1[39m
[31m+ 2[39m

[36m [2mâ¯[22m tests/unit/analysis/scanner.test.ts:[2m108:21[22m[39m
    [90m106| [39m
    [90m107| [39m      [35mconst[39m line1 [33m=[39m results[33m.[39m[35mget[39m([34m0[39m)[33m![39m
    [90m108| [39m      [34mexpect[39m(line1)[33m.[39m[34mtoHaveLength[39m([34m1[39m)
    [90m   | [39m                    [31m^[39m
    [90m109| [39m      [34mexpect[39m(line1[[34m0[39m][33m.[39mname)[33m.[39m[34mtoBe[39m([32m'puts'[39m)
    [90m110| [39m

[31m[2mâ¯â¯â¯â¯â¯â¯â¯â¯â¯â¯â¯â¯â¯â¯â¯â¯â¯â¯â¯â¯â¯â¯â¯â¯[2/3]â¯[22m[39m

[41m[1m FAIL [22m[49m tests/unit/analysis/scanner.test.ts[2m > [22mScanner[2m > [22mscanLines[2m > [22må¼å±•é–‹ (#{...}) å†…ã®ãƒ¡ã‚½ãƒƒãƒ‰ã‚’æŠ½å‡ºã§ãã‚‹ã“ã¨
[31m[1mAssertionError[22m: expected [ â€¦(2) ] to have a length of 1 but got 2[39m

[32m- Expected[39m
[31m+ Received[39m

[32m- 1[39m
[31m+ 2[39m

[36m [2mâ¯[22m tests/unit/analysis/scanner.test.ts:[2m122:21[22m[39m
    [90m120| [39m
    [90m121| [39m      [35mconst[39m line1 [33m=[39m results[33m.[39m[35mget[39m([34m0[39m)[33m![39m
    [90m122| [39m      [34mexpect[39m(line1)[33m.[39m[34mtoHaveLength[39m([34m1[39m)
    [90m   | [39m                    [31m^[39m
    [90m123| [39m      [34mexpect[39m(line1[[34m0[39m][33m.[39mname)[33m.[39m[34mtoBe[39m([32m'upcase'[39m)
    [90m124| [39m      [34mexpect[39m(line1[[34m0[39m][33m.[39mcol)[33m.[39m[34mtoBe[39m([34m16[39m) [90m// "Hello, #{name.u... (1-indexed)[39m

[31m[2mâ¯â¯â¯â¯â¯â¯â¯â¯â¯â¯â¯â¯â¯â¯â¯â¯â¯â¯â¯â¯â¯â¯â¯â¯[3/3]â¯[22m[39m


[2m Test Files [22m [1m[31m1 failed[39m[22m[90m (1)[39m
[2m      Tests [22m [1m[31m3 failed[39m[22m[2m | [22m[1m[32m9 passed[39m[22m[90m (12)[39m
[2m   Start at [22m 12:20:56
[2m   Duration [22m 715ms[2m (transform 53ms, setup 0ms, import 67ms, tests 17ms, environment 508ms)[22m

